<?xml version="1.0" encoding="UTF-8"?>
<!-- Generated by org.testng.reporters.JUnitReportReporter -->
<testsuite hostname="VijayRellaboina" failures="0" tests="1" name="testCases.TC001_AccountRegistrationTest" time="16.401" errors="0" timestamp="2025-03-02T21:26:42 IST" skipped="0">
  <testcase classname="testCases.TC001_AccountRegistrationTest" name="verify_account_registration" time="16.401"/>
</testsuite> <!-- testCases.TC001_AccountRegistrationTest -->
