<?xml version="1.0" encoding="UTF-8"?>
<!-- Generated by org.testng.reporters.JUnitReportReporter -->
<testsuite hostname="VijayRellaboina" failures="0" tests="4" name="testCases.TC003_LoginDDT" time="39.092" errors="0" timestamp="2025-02-27T12:09:10 IST" skipped="0">
  <testcase classname="testCases.TC003_LoginDDT" name="verify_loginDDT" time="14.415"/>
  <testcase classname="testCases.TC003_LoginDDT" name="verify_loginDDT" time="5.069"/>
  <testcase classname="testCases.TC003_LoginDDT" name="verify_loginDDT" time="5.270"/>
  <testcase classname="testCases.TC003_LoginDDT" name="verify_loginDDT" time="14.338"/>
</testsuite> <!-- testCases.TC003_LoginDDT -->
