<?xml version="1.0" encoding="UTF-8"?>
<!-- Generated by org.testng.reporters.JUnitReportReporter -->
<testsuite hostname="VijayRellaboina" failures="0" tests="1" name="testCases.TC001_AccountRegistrationTest" time="15.163" errors="0" timestamp="2025-03-04T10:18:21 IST" skipped="0">
  <testcase classname="testCases.TC001_AccountRegistrationTest" name="verify_account_registration" time="15.163"/>
</testsuite> <!-- testCases.TC001_AccountRegistrationTest -->
