<?xml version="1.0" encoding="UTF-8"?>
<!-- Generated by org.testng.reporters.JUnitReportReporter -->
<testsuite hostname="VijayRellaboina" failures="0" tests="4" name="testCases.TC003_LoginDDT" time="40.599" errors="0" timestamp="2025-03-03T12:01:34 IST" skipped="0">
  <testcase classname="testCases.TC003_LoginDDT" name="verify_loginDDT" time="5.555"/>
  <testcase classname="testCases.TC003_LoginDDT" name="verify_loginDDT" time="14.545"/>
  <testcase classname="testCases.TC003_LoginDDT" name="verify_loginDDT" time="14.874"/>
  <testcase classname="testCases.TC003_LoginDDT" name="verify_loginDDT" time="5.625"/>
</testsuite> <!-- testCases.TC003_LoginDDT -->
