<?xml version="1.0" encoding="UTF-8"?>
<!-- Generated by org.testng.reporters.JUnitReportReporter -->
<testsuite hostname="VijayRellaboina" failures="0" tests="1" name="testCases.TC002_LoginTest" time="1.843" errors="0" timestamp="2025-03-04T10:18:21 IST" skipped="0">
  <testcase classname="testCases.TC002_LoginTest" name="verify_login" time="1.843"/>
</testsuite> <!-- testCases.TC002_LoginTest -->
